This is pdfTeX, Version 3.14159265-2.6-1.40.20 (TeX Live 2019/Debian) (preloaded format=pdflatex 2023.2.22)  22 FEB 2023 17:53
entering extended mode
 restricted \write18 enabled.
 %&-line parsing enabled.
**resultados.tex
(./resultados.tex
LaTeX2e <2020-02-02> patch level 2
L3 programming layer <2020-02-14>
(/usr/share/texlive/texmf-dist/tex/latex/exam/exam.cls
Document Class: exam 2017/12/17 Version 2.603 by Philip Hirschhorn
(/usr/share/texlive/texmf-dist/tex/latex/base/ifthen.sty
Package: ifthen 2014/09/29 v1.1c Standard LaTeX ifthen package (DPC)
)
(/usr/share/texlive/texmf-dist/tex/latex/base/article.cls
Document Class: article 2019/12/20 v1.4l Standard LaTeX document class
(/usr/share/texlive/texmf-dist/tex/latex/base/size11.clo
File: size11.clo 2019/12/20 v1.4l Standard LaTeX file (size option)
)
\c@part=\count167
\c@section=\count168
\c@subsection=\count169
\c@subsubsection=\count170
\c@paragraph=\count171
\c@subparagraph=\count172
\c@figure=\count173
\c@table=\count174
\abovecaptionskip=\skip47
\belowcaptionskip=\skip48
\bibindent=\dimen134
)
\@extrawidth=\skip49
\@rightmargin=\skip50
\@extrahead=\skip51
\@extrafoot=\skip52
\run@exhd=\skip53
\fp@exhd=\skip54
\run@exft=\skip55
\fp@exft=\skip56
\covrun@exhd=\skip57
\covfp@exhd=\skip58
\covrun@exft=\skip59
\covfp@exft=\skip60
\c@num@coverpages=\count175
\c@latest@ques=\count176
\c@ques@end=\count177
\c@last@object=\count178
\c@incmp@ques=\count179
\c@next@ques=\count180
\c@next@page=\count181
\c@tmp@hlfcntr=\count182
\c@ifpos@cntr=\count183
\c@question=\count184
\c@partno=\count185
\c@subpart=\count186
\c@subsubpart=\count187
\c@choice=\count188
\c@numpoints=\count189
\c@numbonuspoints=\count190
\c@pointsof@thisquestion=\count191
\c@bonuspointsof@thisquestion=\count192
\c@numquestions=\count193
\c@numparts=\count194
\c@numsubparts=\count195
\c@numsubsubparts=\count196
\c@Curr@Page=\count197
\c@@pagepoints=\count198
\c@@pagebonuspoints=\count199
\c@pageof@pagepoints=\count266
\c@pageof@pagebonuspoints=\count267
\c@latest@points=\count268
\c@latest@bonuspoints=\count269
\pageinfo@commands=\toks14
\temp@toks=\toks15
\pagepoint@commands=\toks16
\point@toks=\toks17
\c@ques@object=\count270
\marginpointssep=\skip61
\rightpointsmargin=\skip62
\choice@toks=\toks18
\answerlinelength=\skip63
\answerskip=\skip64
\answerclearance=\skip65
\fillinlinelength=\skip66
\linefillheight=\skip67
\linefillthickness=\skip68
\dottedlinefillheight=\skip69
\gridsize=\skip70
\gridlinewidth=\skip71
\minboxheight=\skip72
\c@@iterator=\count271
\@cellwidth=\skip73
\c@tbl@points=\count272
\c@tbl@bonuspoints=\count273
\c@pq@index=\count274
\c@pq@index@pts=\count275
\c@pq@index@bpts=\count276
\c@num@cols=\count277
\c@num@rows=\count278
\c@current@row=\count279
\c@cols@done=\count280
\exam@box=\box45
\saved@totalleftmargin=\dimen135
\@sollistdepth=\count281
\exam@FrameRule=\dimen136
\exam@FrameSep=\dimen137
)
(/usr/share/texlive/texmf-dist/tex/latex/base/inputenc.sty
Package: inputenc 2018/08/11 v1.3c Input encoding file
\inpenc@prehook=\toks19
\inpenc@posthook=\toks20
)
(/usr/share/texlive/texmf-dist/tex/latex/graphics/graphicx.sty
Package: graphicx 2019/11/30 v1.2a Enhanced LaTeX Graphics (DPC,SPQR)

(/usr/share/texlive/texmf-dist/tex/latex/graphics/keyval.sty
Package: keyval 2014/10/28 v1.15 key=value parser (DPC)
\KV@toks@=\toks21
)
(/usr/share/texlive/texmf-dist/tex/latex/graphics/graphics.sty
Package: graphics 2019/11/30 v1.4a Standard LaTeX Graphics (DPC,SPQR)

(/usr/share/texlive/texmf-dist/tex/latex/graphics/trig.sty
Package: trig 2016/01/03 v1.10 sin cos tan (DPC)
)
(/usr/share/texlive/texmf-dist/tex/latex/graphics-cfg/graphics.cfg
File: graphics.cfg 2016/06/04 v1.11 sample graphics configuration
)
Package graphics Info: Driver file: pdftex.def on input line 105.

(/usr/share/texlive/texmf-dist/tex/latex/graphics-def/pdftex.def
File: pdftex.def 2018/01/08 v1.0l Graphics/color driver for pdftex
))
\Gin@req@height=\dimen138
\Gin@req@width=\dimen139
)
(/usr/share/texlive/texmf-dist/tex/latex/float/float.sty
Package: float 2001/11/08 v1.3d Float enhancements (AL)
\c@float@type=\count282
\float@exts=\toks22
\float@box=\box46
\@float@everytoks=\toks23
\@floatcapt=\box47
)
(/usr/share/texlive/texmf-dist/tex/latex/l3backend/l3backend-pdfmode.def
File: l3backend-pdfmode.def 2020-02-03 L3 backend support: PDF mode
\l__kernel_color_stack_int=\count283
\l__pdf_internal_box=\box48
)
No file resultados.aux.
\openout1 = `resultados.aux'.

LaTeX Font Info:    Checking defaults for OML/cmm/m/it on input line 8.
LaTeX Font Info:    ... okay on input line 8.
LaTeX Font Info:    Checking defaults for OMS/cmsy/m/n on input line 8.
LaTeX Font Info:    ... okay on input line 8.
LaTeX Font Info:    Checking defaults for OT1/cmr/m/n on input line 8.
LaTeX Font Info:    ... okay on input line 8.
LaTeX Font Info:    Checking defaults for T1/cmr/m/n on input line 8.
LaTeX Font Info:    ... okay on input line 8.
LaTeX Font Info:    Checking defaults for TS1/cmr/m/n on input line 8.
LaTeX Font Info:    ... okay on input line 8.
LaTeX Font Info:    Checking defaults for OMX/cmex/m/n on input line 8.
LaTeX Font Info:    ... okay on input line 8.
LaTeX Font Info:    Checking defaults for U/cmr/m/n on input line 8.
LaTeX Font Info:    ... okay on input line 8.
(/usr/share/texlive/texmf-dist/tex/context/base/mkii/supp-pdf.mkii
[Loading MPS to PDF converter (version 2006.09.02).]
\scratchcounter=\count284
\scratchdimen=\dimen140
\scratchbox=\box49
\nofMPsegments=\count285
\nofMParguments=\count286
\everyMPshowfont=\toks24
\MPscratchCnt=\count287
\MPscratchDim=\dimen141
\MPnumerator=\count288
\makeMPintoPDFobject=\count289
\everyMPtoPDFconversion=\toks25
) (/usr/share/texlive/texmf-dist/tex/latex/epstopdf-pkg/epstopdf-base.sty
Package: epstopdf-base 2020-01-24 v2.11 Base part for package epstopdf
Package epstopdf-base Info: Redefining graphics rule for `.eps' on input line 4
85.

(/usr/share/texlive/texmf-dist/tex/latex/latexconfig/epstopdf-sys.cfg
File: epstopdf-sys.cfg 2010/07/13 v1.3 Configuration of (r)epstopdf for TeX Liv
e
))
<plot.pdf, id=1, 462.52798pt x 346.89601pt>
File: plot.pdf Graphic file (type pdf)
<use plot.pdf>
Package pdftex.def Info: plot.pdf  used on input line 19.
(pdftex.def)             Requested size: 284.52756pt x 213.40594pt.
<plot1.pdf, id=2, 462.52798pt x 346.89601pt>
File: plot1.pdf Graphic file (type pdf)
<use plot1.pdf>
Package pdftex.def Info: plot1.pdf  used on input line 22.
(pdftex.def)             Requested size: 284.52756pt x 213.40594pt.

[1

{/var/lib/texmf/fonts/map/pdftex/updmap/pdftex.map} <./plot.pdf> <./plot1.pdf

pdfTeX warning: pdflatex (file ./plot1.pdf): PDF inclusion: multiple pdfs with 
page group included in a single page
>]
This exam contains 0 questions with 0 parts, 0 subparts, and 0 subsubparts.

Class exam Warning: Point totals have changed. Rerun to get point totals right.


(./resultados.aux) ) 
Here is how much of TeX's memory you used:
 2290 strings out of 481239
 32975 string characters out of 5920377
 279080 words of memory out of 5000000
 17589 multiletter control sequences out of 15000+600000
 533544 words of font info for 28 fonts, out of 8000000 for 9000
 1141 hyphenation exceptions out of 8191
 30i,9n,25p,205b,174s stack positions out of 5000i,500n,10000p,200000b,80000s
</usr/share/texlive/texmf-dist/fonts/type1/public/amsfonts/
cm/cmbx12.pfb></usr/share/texlive/texmf-dist/fonts/type1/public/amsfonts/cm/cmc
sc10.pfb></usr/share/texlive/texmf-dist/fonts/type1/public/amsfonts/cm/cmr10.pf
b></usr/share/texlive/texmf-dist/fonts/type1/public/amsfonts/cm/cmr12.pfb>
Output written on resultados.pdf (1 page, 109355 bytes).
PDF statistics:
 53 PDF objects out of 1000 (max. 8388607)
 27 compressed objects within 1 object stream
 0 named destinations out of 1000 (max. 500000)
 11 words of extra memory for PDF output out of 10000 (max. 10000000)

